\BOOKMARK [0][-]{chapter.1}{\376\377\000M\000e\000n\000u\000\040\000N\000a\000v\000i\000g\000a\000t\000o\000r}{}% 1
\BOOKMARK [0][-]{chapter.2}{\376\377\000B\000a\000s\000e\000\040\000T\000a\000s\000k\000\040\000M\000a\000n\000a\000g\000e\000r}{}% 2
\BOOKMARK [0][-]{chapter.3}{\376\377\000T\000a\000s\000k\000\040\000M\000a\000n\000a\000g\000e\000r}{}% 3
\BOOKMARK [0][-]{chapter.4}{\376\377\000D\000a\000t\000a\000\040\000M\000a\000n\000a\000g\000e\000r}{}% 4
\BOOKMARK [0][-]{chapter.5}{\376\377\000Q\000u\000e\000r\000y\000\040\000M\000a\000n\000a\000g\000e\000r}{}% 5
\BOOKMARK [0][-]{chapter.6}{\376\377\000C\000l\000a\000s\000s\000i\000f\000i\000e\000r}{}% 6
\BOOKMARK [0][-]{chapter.7}{\376\377\000C\000u\000s\000t\000o\000m\000\040\000M\000o\000d\000e\000l}{}% 7
\BOOKMARK [0][-]{chapter.8}{\376\377\000P\000r\000e\000p\000r\000o\000c\000e\000s\000s\000o\000r}{}% 8
\BOOKMARK [0][-]{chapter.9}{\376\377\000M\000a\000i\000n\000\040\000W\000i\000n\000d\000o\000w}{}% 9
\BOOKMARK [0][-]{chapter.10}{\376\377\000A\000n\000a\000l\000y\000z\000e\000\040\000K\000e\000y\000w\000o\000r\000d\000s\000\040\000W\000i\000n\000d\000o\000w}{}% 10
\BOOKMARK [0][-]{chapter.11}{\376\377\000C\000o\000n\000s\000t\000a\000n\000t\000s}{}% 11
\BOOKMARK [0][-]{chapter.12}{\376\377\000G\000e\000t\000\040\000K\000e\000y\000w\000o\000r\000d\000s\000\040\000W\000i\000n\000d\000o\000w}{}% 12
\BOOKMARK [0][-]{chapter.13}{\376\377\000G\000e\000t\000\040\000T\000o\000p\000i\000c\000s\000\040\000L\000i\000s\000t\000\040\000W\000i\000n\000d\000o\000w}{}% 13
\BOOKMARK [0][-]{chapter.14}{\376\377\000M\000e\000s\000s\000a\000g\000e\000s}{}% 14
\BOOKMARK [0][-]{chapter.15}{\376\377\000O\000u\000t\000p\000u\000t\000\040\000W\000r\000a\000p\000p\000e\000r}{}% 15
\BOOKMARK [0][-]{chapter.16}{\376\377\000U\000t\000i\000l}{}% 16
\BOOKMARK [0][-]{chapter.17}{\376\377\000W\000o\000r\000k\000e\000r\000\040\000S\000i\000g\000n\000a\000l\000s}{}% 17
\BOOKMARK [0][-]{chapter.18}{\376\377\000W\000o\000r\000k\000e\000r}{}% 18
\BOOKMARK [0][-]{chapter.19}{\376\377\000I\000n\000d\000i\000c\000e\000s\000\040\000a\000n\000d\000\040\000t\000a\000b\000l\000e\000s}{}% 19
\BOOKMARK [0][-]{section*.217}{\376\377\000P\000y\000t\000h\000o\000n\000\040\000M\000o\000d\000u\000l\000e\000\040\000I\000n\000d\000e\000x}{}% 20
